<?xml version="1.0" encoding="UTF-8"?>
<!-- Generated by org.testng.reporters.JUnitReportReporter -->
<testsuite hostname="SuperDell" name="com.example.tests.GroupCreationTests" tests="2" failures="0" timestamp="27 Sep 2016 19:31:14 GMT" time="3.790" errors="0">
  <testcase name="testNonEmptyGroupGreation" time="1.769" classname="com.example.tests.GroupCreationTests"/>
  <testcase name="testEmptyGroupGreation" time="2.021" classname="com.example.tests.GroupCreationTests"/>
</testsuite> <!-- com.example.tests.GroupCreationTests -->
