<?xml version="1.0" encoding="UTF-8"?>
<!-- Generated by org.testng.reporters.JUnitReportReporter -->
<testsuite hostname="SuperDell" name="com.example.tests.AlsoGroupCreationTests" tests="2" failures="0" timestamp="27 Sep 2016 19:31:14 GMT" time="2.747" errors="0">
  <testcase name="testEmptyGroupGreation" time="1.310" classname="com.example.tests.AlsoGroupCreationTests"/>
  <testcase name="testNonEmptyGroupGreation" time="1.437" classname="com.example.tests.AlsoGroupCreationTests"/>
</testsuite> <!-- com.example.tests.AlsoGroupCreationTests -->
